======================================================================
向量库构建
  数据: /home/ubuntu/DataBase/base_kline/EURUSD_H1.csv
  窗口: 50, 步进: 5
  并行: 8 workers
======================================================================
K线: 155227
窗口数: 31036
     401/31036 (1.3%) 11s 35w/s ETA 874s
     951/31036 (3.1%) 22s 44w/s ETA 690s
    1451/31036 (4.7%) 32s 45w/s ETA 661s
    1901/31036 (6.1%) 43s 44w/s ETA 655s
    2401/31036 (7.7%) 53s 45w/s ETA 633s
    2801/31036 (9.0%) 64s 44w/s ETA 644s
    3351/31036 (10.8%) 74s 45w/s ETA 613s
    3801/31036 (12.2%) 86s 44w/s ETA 617s
    4251/31036 (13.7%) 96s 44w/s ETA 607s
    4701/31036 (15.1%) 107s 44w/s ETA 598s
    5351/31036 (17.2%) 117s 46w/s ETA 562s
    5801/31036 (18.7%) 128s 45w/s ETA 556s
    6301/31036 (20.3%) 140s 45w/s ETA 548s
    6801/31036 (21.9%) 150s 45w/s ETA 536s
    7351/31036 (23.7%) 161s 46w/s ETA 517s
    7851/31036 (25.3%) 171s 46w/s ETA 506s
    8251/31036 (26.6%) 184s 45w/s ETA 507s
    8801/31036 (28.4%) 194s 45w/s ETA 490s
    9351/31036 (30.1%) 204s 46w/s ETA 474s
   10001/31036 (32.2%) 215s 47w/s ETA 451s
   10601/31036 (34.2%) 225s 47w/s ETA 434s
   11401/31036 (36.7%) 236s 48w/s ETA 406s
   12051/31036 (38.8%) 246s 49w/s ETA 387s
   12751/31036 (41.1%) 256s 50w/s ETA 368s
   13551/31036 (43.7%) 267s 51w/s ETA 344s
   14151/31036 (45.6%) 277s 51w/s ETA 331s
   14851/31036 (47.9%) 287s 52w/s ETA 313s
   15501/31036 (49.9%) 298s 52w/s ETA 299s
   16251/31036 (52.4%) 309s 53w/s ETA 281s
   16851/31036 (54.3%) 320s 53w/s ETA 270s
   17551/31036 (56.6%) 331s 53w/s ETA 254s
   18201/31036 (58.6%) 342s 53w/s ETA 241s
   19001/31036 (61.2%) 353s 54w/s ETA 223s
   19601/31036 (63.2%) 363s 54w/s ETA 212s
   20151/31036 (64.9%) 373s 54w/s ETA 201s
   20851/31036 (67.2%) 383s 54w/s ETA 187s
   21601/31036 (69.6%) 394s 55w/s ETA 172s
   22251/31036 (71.7%) 405s 55w/s ETA 160s
   22951/31036 (73.9%) 415s 55w/s ETA 146s
   23701/31036 (76.4%) 425s 56w/s ETA 132s
   24301/31036 (78.3%) 435s 56w/s ETA 121s
   25051/31036 (80.7%) 448s 56w/s ETA 107s
   25801/31036 (83.1%) 458s 56w/s ETA 93s
   26551/31036 (85.5%) 469s 57w/s ETA 79s
   27051/31036 (87.2%) 480s 56w/s ETA 71s
   27851/31036 (89.7%) 491s 57w/s ETA 56s
   28451/31036 (91.7%) 501s 57w/s ETA 46s
   29201/31036 (94.1%) 512s 57w/s ETA 32s
   29951/31036 (96.5%) 523s 57w/s ETA 19s
   30651/31036 (98.8%) 533s 57w/s ETA 7s
   31036/31036 (100.0%) 540s 57w/s ETA 0s

计算完成: 540.1s (57 w/s)
有效窗口: 31036/31036

向量库: 60184982 vectors × 15D
窗口数: 31036
平均每窗口: 1939 spectra
Z有效: 31016/31036

已保存: /home/ubuntu/stage2_abc/vecstore_h1/store.pkl (3675.9 MB)

=== 向量统计 ===
     is_mirror: mean=   0.254 std=   0.435 [   0.000,    1.000]
         dir_L: mean=   0.009 std=   1.000 [  -1.000,    1.000]
         amp_r: mean=   2.510 std=  12.495 [   0.000, 3038.000]
        time_r: mean=   3.182 std=   5.689 [   0.021,   47.000]
         mod_r: mean=   1.622 std=   1.863 [   0.018,   48.232]
       slope_r: mean=   5.525 std=  54.061 [   0.000, 32604.000]
       amp_log: mean=   0.000 std=   1.257 [  -8.073,    8.019]
      time_log: mean=  -0.003 std=   1.608 [  -3.850,    3.850]
       mod_log: mean=   0.001 std=   0.998 [  -4.017,    3.876]
     slope_log: mean=   0.003 std=   1.723 [ -10.577,   10.392]
  complex_diff: mean=  -0.007 std=   7.128 [ -36.000,   34.000]
  center_ratio: mean=   0.726 std=   1.561 [   0.000,   23.000]
     sym_close: mean=   0.229 std=   0.126 [   0.045,    1.000]
      L_time_n: mean=   0.195 std=   0.170 [   0.020,    0.940]
      R_time_n: mean=   0.196 std=   0.170 [   0.020,    0.940]
